<?xml version="1.0" encoding="UTF-8"?>
<!-- Generated by org.testng.reporters.JUnitReportReporter -->
<testsuite hostname="ip-172-31-30-17" failures="0" tests="1" name="testcases.HomePageTest" time="1.734" errors="0" timestamp="02 Jul 2023 15:07:10 GMT" skipped="0">
  <testcase classname="testcases.HomePageTest" name="ValidateHomePage" time="1.734"/>
</testsuite> <!-- testcases.HomePageTest -->
